[2025-12-27 15:06:18] ALERT risk=8 events=3 cpu=4.6 disk=18.1 file=monitor_folder/file2.txt
[2025-12-27 15:07:09] ALERT risk=8 events=3 cpu=2.1 disk=18.1 file=monitor_folder/file3.txt
[2025-12-27 15:10:59] ALERT risk=8 events=3 cpu=5.5 disk=18.1 file=monitor_folder/file3.txt
[2025-12-27 15:17:41] ALERT risk=8 events=3 cpu=2.9 disk=18.1 file=monitor_folder/file3.txt
[2025-12-27 15:19:45] ALERT risk=8 events=3 cpu=1.7 disk=18.1 file=monitor_folder/file3.txt
[2025-12-27 15:23:06] ALERT risk=8 events=3 cpu=2.1 disk=18.1 file=monitor_folder/file3.txt
[2025-12-27 15:24:39] ALERT risk=8 events=3 cpu=1.7 disk=18.1 file=monitor_folder/file3.txt
[2025-12-27 16:02:10] ALERT risk=8 events=3 cpu=2.1 disk=18.1 file=monitor_folder/file3.txt
[2025-12-27 16:03:18] ALERT risk=8 events=3 cpu=2.9 disk=18.1 file=monitor_folder/file3.txt
[2025-12-27 16:09:19] ALERT risk=8 events=3 cpu=1.7 disk=18.1 file=monitor_folder/file3.txt
[2025-12-27 16:11:18] ALERT risk=8 events=3 cpu=6.7 disk=18.1 file=monitor_folder/file3.txt
[2025-12-27 16:14:30] ALERT risk=8 events=3 cpu=2.5 disk=18.1 file=monitor_folder/file3.txt
[2025-12-27 16:20:55] ALERT risk=8 events=3 cpu=4.1 disk=18.1 file=monitor_folder/file3.txt
[2025-12-27 16:26:25] ALERT risk=8 events=3 cpu=2.9 disk=18.1 file=monitor_folder/file3.txt
[2025-12-27 16:34:39] ALERT risk=8 events=3 cpu=5.0 disk=18.1 file=monitor_folder/file3.txt
[2025-12-27 16:37:07] ALERT risk=8 events=3 cpu=3.3 disk=18.1 file=monitor_folder/file3.txt
[2025-12-27 16:43:17] ALERT risk=5 events=1 cpu=13.0 disk=18.1 file=monitor_folder/file1.txt
[2025-12-27 16:46:42] ALERT risk=8 events=3 cpu=2.5 disk=18.1 file=monitor_folder/file3.txt
[2025-12-27 16:47:34] ALERT risk=8 events=3 cpu=2.1 disk=18.1 file=monitor_folder/file3.txt
[2025-12-27 16:52:25] ALERT risk=6 events=3 cpu=3.3 disk=18.1 file=monitor_folder/ransomware_load.sh
[2025-12-27 16:53:27] ALERT risk=8 events=3 cpu=3.7 disk=18.1 file=monitor_folder/monitor_folder/file2.txt
[2025-12-27 16:56:15] ALERT risk=6 events=3 cpu=3.7 disk=18.1 file=monitor_folder/ransomware_load.sh
[2025-12-27 17:02:55] ALERT risk=8 events=3 cpu=7.4 disk=18.1 file=monitor_folder/file2.txt
[2025-12-27 17:03:15] ALERT risk=8 events=3 cpu=3.8 disk=18.1 file=monitor_folder/file3.txt
[2025-12-27 17:03:35] ALERT risk=8 events=3 cpu=2.9 disk=18.1 file=monitor_folder/file3.txt
[2025-12-27 17:06:16] ALERT risk=8 events=3 cpu=2.5 disk=18.1 file=monitor_folder/file3.txt
[2025-12-27 17:06:25] ALERT risk=8 events=3 cpu=3.0 disk=18.1 file=monitor_folder/file3.txt
[2025-12-27 17:06:50] ALERT risk=8 events=3 cpu=5.3 disk=18.1 file=monitor_folder/file3.txt
[2025-12-27 17:07:08] ALERT risk=8 events=3 cpu=2.5 disk=18.1 file=monitor_folder/file3.txt
[2025-12-27 17:07:37] ALERT risk=5 events=1 cpu=19.6 disk=18.1 file=monitor_folder/file1.txt
[2025-12-27 17:07:48] ALERT risk=8 events=3 cpu=3.8 disk=18.1 file=monitor_folder/file3.txt
[2025-12-27 17:08:03] ALERT risk=8 events=3 cpu=6.6 disk=18.1 file=monitor_folder/file2.txt
[2025-12-27 17:08:16] ALERT risk=8 events=3 cpu=2.9 disk=18.1 file=monitor_folder/file2.txt
[2025-12-27 17:08:31] ALERT risk=8 events=3 cpu=2.1 disk=18.1 file=monitor_folder/file3.txt
[2025-12-27 17:08:58] ALERT risk=8 events=3 cpu=2.9 disk=18.1 file=monitor_folder/file2.txt
[2025-12-27 17:13:43] ALERT risk=8 events=2 cpu=1.7 disk=18.1 file=monitor_folder/file2.txt
[2025-12-27 17:13:59] ALERT risk=8 events=2 cpu=2.1 disk=18.1 file=monitor_folder/file2.txt
[2025-12-27 17:16:05] ALERT risk=8 events=2 cpu=2.1 disk=18.1 file=monitor_folder/file2.txt
[2025-12-27 17:20:04] ALERT risk=8 events=2 cpu=6.2 disk=18.1 file=monitor_folder/file2.txt
[2025-12-27 17:20:06] ALERT risk=5 events=1 cpu=12.2 disk=18.1 file=monitor_folder/file10.txt
[2025-12-27 17:20:25] ALERT risk=8 events=2 cpu=3.3 disk=18.1 file=monitor_folder/file2.txt
[2025-12-27 17:20:35] ALERT risk=10 events=2 cpu=11.3 disk=18.1 file=monitor_folder/file2.txt
[2025-12-27 17:21:05] ALERT risk=8 events=2 cpu=3.8 disk=18.1 file=monitor_folder/file2.txt
[2025-12-27 17:21:24] ALERT risk=8 events=2 cpu=5.0 disk=18.1 file=monitor_folder/file2.txt
[2025-12-27 17:24:57] ALERT risk=8 events=2 cpu=5.9 disk=18.1 file=monitor_folder/file2.txt
[2025-12-27 17:25:12] ALERT risk=8 events=2 cpu=3.3 disk=18.1 file=monitor_folder/file2.txt
[2025-12-27 17:25:40] ALERT risk=8 events=2 cpu=2.1 disk=18.1 file=monitor_folder/file2.txt
[2025-12-27 17:27:01] ALERT risk=5 events=1 cpu=11.6 disk=18.1 file=monitor_folder/file1.txt
[2025-12-27 17:27:03] ALERT risk=8 events=2 cpu=2.9 disk=18.1 file=monitor_folder/file10.txt
[2025-12-27 17:29:44] ALERT risk=8 events=2 cpu=8.0 disk=18.1 file=monitor_folder/file2.txt
[2025-12-27 17:30:10] ALERT risk=8 events=2 cpu=3.8 disk=18.1 file=monitor_folder/file12.txt
[2025-12-27 17:30:29] ALERT risk=5 events=1 cpu=34.7 disk=18.1 file=monitor_folder/file21.txt
[2025-12-27 17:30:39] ALERT risk=5 events=1 cpu=10.7 disk=18.1 file=monitor_folder/file31.txt
[2025-12-27 17:30:50] ALERT risk=8 events=2 cpu=6.6 disk=18.1 file=monitor_folder/file42.txt
[2025-12-27 17:36:56] ALERT risk=8 events=2 cpu=4.2 disk=18.1 file=monitor_folder/file2.txt
[2025-12-27 17:37:11] ALERT risk=8 events=2 cpu=4.2 disk=18.1 file=monitor_folder/file12.txt
[2025-12-27 17:37:24] ALERT risk=8 events=2 cpu=4.2 disk=18.1 file=monitor_folder/file22.txt
[2025-12-27 17:40:01] ALERT risk=8 events=2 cpu=4.2 disk=18.1 file=monitor_folder/file2.txt
[2025-12-27 17:42:38] ALERT risk=8 events=2 cpu=4.6 disk=18.1 file=monitor_folder/file2.txt
[2025-12-27 17:42:55] ALERT risk=8 events=2 cpu=1.7 disk=18.1 file=monitor_folder/file15.txt
[2025-12-27 17:45:56] ALERT risk=8 events=2 cpu=2.1 disk=18.1 file=monitor_folder/file1.txt
[2025-12-27 17:46:32] ALERT risk=8 events=2 cpu=8.9 disk=18.1 file=monitor_folder/file1.txt
[2025-12-27 17:46:34] ALERT risk=8 events=2 cpu=5.0 disk=18.1 file=monitor_folder/file31.txt
[2025-12-27 17:46:46] ALERT risk=8 events=2 cpu=5.0 disk=18.1 file=monitor_folder/file1.txt
[2025-12-27 17:47:01] ALERT risk=10 events=2 cpu=10.1 disk=18.1 file=monitor_folder/file1.txt
[2025-12-27 17:47:03] ALERT risk=8 events=2 cpu=3.3 disk=18.1 file=monitor_folder/file31.txt
[2025-12-27 17:50:40] ALERT risk=8 events=2 cpu=3.8 disk=18.1 file=monitor_folder/file2.txt
[2025-12-27 17:51:08] ALERT risk=8 events=2 cpu=7.1 disk=18.1 file=monitor_folder/file1.txt
[2025-12-27 17:51:09] ALERT risk=5 events=1 cpu=13.7 disk=18.1 file=monitor_folder/file31.txt
[2025-12-27 17:56:36] ALERT risk=5 events=1 cpu=12.9 disk=18.1 file=monitor_folder/file1.txt
[2025-12-27 17:58:17] ALERT risk=5 events=1 cpu=11.7 disk=18.1 file=monitor_folder/file1.txt
[2025-12-27 17:59:19] ALERT risk=5 events=1 cpu=12.9 disk=18.1 file=monitor_folder/file1.txt
[2025-12-27 18:00:36] ALERT risk=5 events=1 cpu=10.2 disk=18.1 file=monitor_folder/file1.txt
[2025-12-27 18:05:19] ALERT risk=5 events=1 cpu=11.4 disk=18.1 file=monitor_folder/file1.txt
[2025-12-27 18:08:32] ALERT risk=5 events=1 cpu=12.9 disk=18.1 file=monitor_folder/file1.txt
[2025-12-27 18:09:50] ALERT risk=5 events=1 cpu=13.3 disk=18.1 file=monitor_folder/file1.txt
[2025-12-27 18:13:56] ALERT risk=5 events=1 cpu=12.9 disk=18.1 file=monitor_folder/file1.txt
[2025-12-27 18:14:30] ALERT risk=5 events=1 cpu=13.4 disk=18.1 file=monitor_folder/file1.txt
[2025-12-27 18:15:25] ALERT risk=5 events=1 cpu=12.2 disk=18.1 file=monitor_folder/file1.txt
[2025-12-27 18:17:17] ALERT risk=5 events=1 cpu=11.9 disk=18.1 file=monitor_folder/file1.txt
[2025-12-27 18:17:50] ALERT risk=5 events=1 cpu=11.3 disk=18.1 file=monitor_folder/file1.txt
[2025-12-27 18:17:52] ALERT risk=5 events=1 cpu=11.8 disk=18.1 file=monitor_folder/file27.txt
[2025-12-27 18:17:53] ALERT risk=5 events=1 cpu=12.1 disk=18.1 file=monitor_folder/file53.txt
[2025-12-27 18:21:37] ALERT risk=5 events=1 cpu=12.5 disk=18.1 file=monitor_folder/file1.txt
[2025-12-27 18:21:39] ALERT risk=5 events=1 cpu=11.4 disk=18.1 file=monitor_folder/file27.txt
[2025-12-27 18:21:40] ALERT risk=5 events=1 cpu=11.7 disk=18.1 file=monitor_folder/file53.txt
[2025-12-27 18:21:42] ALERT risk=5 events=1 cpu=11.8 disk=18.1 file=monitor_folder/file79.txt
[2025-12-27 18:22:18] ALERT risk=5 events=1 cpu=11.4 disk=18.1 file=monitor_folder/file1.txt
[2025-12-27 18:37:31] ALERT risk=5 events=1 cpu=12.6 disk=18.1 file=monitor_folder/file1.txt
[2025-12-27 22:02:12] ALERT risk=8 events=2 cpu=4.1 disk=18.1 file=monitor_folder/file1.jpg
[2025-12-28 10:04:07] ALERT risk=5 events=1 cpu=13.3 disk=18.2 file=monitor_folder/file1.jpg
[2025-12-28 10:15:04] ALERT risk=8 events=2 cpu=2.1 disk=18.2 file=monitor_folder/file1.txt clues=No clear process clue (possible short-lived or external source).
[2025-12-28 10:25:08] ALERT risk=8 events=2 cpu=2.5 disk=18.2 file=monitor_folder/file1.jpg clues=No clear process clue (possible short-lived or external source).
[2025-12-28 10:29:40] ALERT risk=5 events=1 cpu=30.4 disk=18.2 file=monitor_folder/file1.txt clues=No clear process clue (possible short-lived or external source).
[2025-12-28 10:32:34] ALERT risk=5 events=1 cpu=13.2 disk=18.2 file=monitor_folder/file1.docx clues=1) pid=518889, proc=bash, user=root, cpu=0.0%, score=2, cmd='bash ./ransomware_load.sh'; 2) pid=1295, proc=tuned, user=root, cpu=0.0%, score=1, cmd='/usr/bin/python3 /usr/sbin/tuned -l -P'
[2025-12-28 10:36:12] ALERT risk=8 events=2 cpu=4.6 disk=18.2 file=monitor_folder/file1.docx clues=1) pid=518889, proc=bash, user=root, cpu=0.0%, score=2, cmd='bash ./ransomware_load.sh'; 2) pid=1295, proc=tuned, user=root, cpu=0.0%, score=1, cmd='/usr/bin/python3 /usr/sbin/tuned -l -P'
[2025-12-28 10:36:13] ALERT risk=8 events=2 cpu=7.9 disk=18.2 file=monitor_folder/file31.docx clues=1) pid=532913, proc=python, user=root, cpu=7.0%, score=2, cmd='python Detector.py'; 2) pid=518889, proc=bash, user=root, cpu=2.3%, score=2, cmd='bash ./ransomware_load.sh'
[2025-12-28 10:36:46] ALERT risk=8 events=2 cpu=6.3 disk=18.2 file=monitor_folder/file1.docx clues=1) pid=518889, proc=bash, user=root, cpu=0.0%, score=2, cmd='bash ./ransomware_load.sh'; 2) pid=1295, proc=tuned, user=root, cpu=0.0%, score=1, cmd='/usr/bin/python3 /usr/sbin/tuned -l -P'
[2025-12-28 10:36:48] ALERT risk=8 events=2 cpu=2.1 disk=18.2 file=monitor_folder/file31.docx clues=1) pid=533407, proc=python, user=root, cpu=6.4%, score=2, cmd='python Detector.py'; 2) pid=518889, proc=bash, user=root, cpu=2.9%, score=2, cmd='bash ./ransomware_load.sh'
[2025-12-28 21:51:11] ALERT risk=8 events=2 cpu=4.6 disk=18.4 file=monitor_folder/file1.docx clues=1) pid=5990, proc=bash, user=root, cpu=0.0%, score=2, cmd='bash ./ransomware_load.sh'; 2) pid=1309, proc=tuned, user=root, cpu=0.0%, score=1, cmd='/usr/bin/python3 /usr/sbin/tuned -l -P'
[2025-12-28 21:51:13] ALERT risk=8 events=2 cpu=2.5 disk=18.4 file=monitor_folder/file31.docx clues=1) pid=5437, proc=python, user=root, cpu=7.0%, score=2, cmd='python Detector.py'; 2) pid=5990, proc=bash, user=root, cpu=2.3%, score=2, cmd='bash ./ransomware_load.sh'
[2025-12-28 21:59:13] ALERT risk=8 events=2 cpu=4.2 disk=18.4 file=monitor_folder/file1.jpg clues=1) pid=5990, proc=bash, user=root, cpu=0.0%, score=2, cmd='bash; ./ransomware_load.sh'; 2) pid=1309, proc=tuned, user=root, cpu=0.0%, score=1, cmd='/usr/bin/python3; /usr/sbin/tuned -l -P'
[2025-12-28 21:59:23] ALERT risk=8 events=2 cpu=5.0 disk=18.4 file=monitor_folder/file1.jpg clues=1) pid=5990, proc=bash, user=root, cpu=0.2%, score=2, cmd='bash; ./ransomware_load.sh'; 2) pid=4835, proc=chrome, user=abhishek, cpu=20.4%, score=1,; cmd='/opt/google/chrome/chrome --type=renderer --crashpad-handler-pid=4410; --enable-crash-reporter=7a41d896-444a-4ae6-9d5b-4f8b9af37e27,; --origin-trial-disabled-features=CanvasTextNg|WebAssemblyCustomDescriptors; --change-stack-guard-on-fork=enable --ozone-platform=wayland --lang=en-GB; --num-raster-threads=4 --enable-main-frame-before-activation; --renderer-client-id=12 --time-ticks-at-unix-epoch=-1766938515396435; --launch-time-ticks=177485740 --shared-files=v8_context_snapshot_data:100; --metrics-shmem-handle=4,i,6554169722839194432,10701914384406409578,2097152; --field-trial-handle=3,i,11883359337973673387,2813338379308205268,262144; --disable-features=EyeDropper --variations-seed-version=20251219-070015.367000; --trace-process-track-uuid=3190708997556373682'
[2025-12-28 21:59:25] ALERT risk=5 events=1 cpu=11.8 disk=18.4 file=monitor_folder/file31.jpg clues=1) pid=9471, proc=python, user=root, cpu=7.2%, score=2, cmd='python Detector.py'; 2) pid=5990, proc=bash, user=root, cpu=3.2%, score=2, cmd='bash; ./ransomware_load.sh'
[2025-12-28 21:59:27] ALERT risk=8 events=2 cpu=4.6 disk=18.4 file=monitor_folder/file57.jpg clues=1) pid=9471, proc=python, user=root, cpu=6.5%, score=2, cmd='python Detector.py'; 2) pid=5990, proc=bash, user=root, cpu=2.9%, score=2, cmd='bash; ./ransomware_load.sh'
[2025-12-28 21:59:28] ALERT risk=8 events=2 cpu=2.9 disk=18.4 file=monitor_folder/file87.jpg clues=1) pid=9471, proc=python, user=root, cpu=6.3%, score=2, cmd='python Detector.py'; 2) pid=5990, proc=bash, user=root, cpu=2.3%, score=2, cmd='bash; ./ransomware_load.sh'
[2025-12-28 22:09:40] ALERT risk=8 events=2 cpu=5.0 disk=18.4 file=monitor_folder/file1.txt clues=1) pid=14089, proc=bash, user=root, cpu=0.0%, score=2, cmd='bash; ./ransomware_load.sh'; 2) pid=4835, proc=chrome, user=abhishek, cpu=45.5%, score=1,; cmd='/opt/google/chrome/chrome --type=renderer --crashpad-handler-pid=4410; --enable-crash-reporter=7a41d896-444a-4ae6-9d5b-4f8b9af37e27,; --origin-trial-disabled-features=CanvasTextNg|WebAssemblyCustomDescriptors; --change-stack-guard-on-fork=enable --ozone-platform=wayland --lang=en-GB; --num-raster-threads=4 --enable-main-frame-before-activation; --renderer-client-id=12 --time-ticks-at-unix-epoch=-1766938515396435; --launch-time-ticks=177485740 --shared-files=v8_context_snapshot_data:100; --metrics-shmem-handle=4,i,6554169722839194432,10701914384406409578,2097152; --field-trial-handle=3,i,11883359337973673387,2813338379308205268,262144; --disable-features=EyeDropper --variations-seed-version=20251219-070015.367000; --trace-process-track-uuid=3190708997556373682'
[2025-12-28 22:09:42] ALERT risk=8 events=2 cpu=3.8 disk=18.4 file=monitor_folder/file31.txt clues=1) pid=9471, proc=python, user=root, cpu=6.9%, score=2, cmd='python Detector.py'; 2) pid=14089, proc=bash, user=root, cpu=2.9%, score=2, cmd='bash; ./ransomware_load.sh'
[2025-12-28 22:10:53] ALERT risk=8 events=2 cpu=6.7 disk=18.4 file=monitor_folder/file1.txt clues=1) pid=14089, proc=bash, user=root, cpu=0.0%, score=2, cmd='bash; ./ransomware_load.sh'; 2) pid=1309, proc=tuned, user=root, cpu=0.0%, score=1, cmd='/usr/bin/python3; /usr/sbin/tuned -l -P'
[2025-12-28 22:15:00] ALERT risk=8 events=2 cpu=2.1 disk=18.4 file=monitor_folder/file1.txt clues=1) pid=14089, proc=bash, user=root, cpu=0.0%, score=2, cmd='bash; ./ransomware_load.sh'; 2) pid=1309, proc=tuned, user=root, cpu=0.0%, score=1, cmd='/usr/bin/python3; /usr/sbin/tuned -l -P'
[2025-12-28 22:27:16] ALERT risk=8 events=2 cpu=2.9 disk=18.4 file=monitor_folder/file1.docx clues=1) pid=14089, proc=bash, user=root, cpu=0.0%, score=2, cmd='bash; ./ransomware_load.sh'; 2) pid=1309, proc=tuned, user=root, cpu=0.0%, score=1, cmd='/usr/bin/python3; /usr/sbin/tuned -l -P'
[2025-12-28 22:47:15] ALERT risk=8 events=2 cpu=5.0 disk=18.4 file=monitor_folder/file1.txt clues=1) pid=14089, proc=bash, user=root, cpu=0.0%, score=2, cmd='bash; ./ransomware_load.sh'; 2) pid=1309, proc=tuned, user=root, cpu=0.0%, score=1, cmd='/usr/bin/python3; /usr/sbin/tuned -l -P'
[2025-12-28 22:52:49] ALERT risk=8 events=2 cpu=2.5 disk=18.4 file=monitor_folder/file1.jpg clues=1) pid=30353, proc=bash, user=root, cpu=0.0%, score=2, cmd='bash; ./ransomware_load.sh'; 2) pid=4835, proc=chrome, user=abhishek, cpu=23.6%, score=1,; cmd='/opt/google/chrome/chrome --type=renderer --crashpad-handler-pid=4410; --enable-crash-reporter=7a41d896-444a-4ae6-9d5b-4f8b9af37e27,; --origin-trial-disabled-features=CanvasTextNg|WebAssemblyCustomDescriptors; --change-stack-guard-on-fork=enable --ozone-platform=wayland --lang=en-GB; --num-raster-threads=4 --enable-main-frame-before-activation; --renderer-client-id=12 --time-ticks-at-unix-epoch=-1766938515396435; --launch-time-ticks=177485740 --shared-files=v8_context_snapshot_data:100; --metrics-shmem-handle=4,i,6554169722839194432,10701914384406409578,2097152; --field-trial-handle=3,i,11883359337973673387,2813338379308205268,262144; --disable-features=EyeDropper --variations-seed-version=20251219-070015.367000; --trace-process-track-uuid=3190708997556373682'
[2025-12-28 23:09:50] ALERT risk=8 events=2 cpu=2.1 disk=18.4 file=monitor_folder/file1.txt clues=1) pid=30353, proc=bash, user=root, cpu=0.0%, score=2, cmd='bash; ./ransomware_load.sh'; 2) pid=1309, proc=tuned, user=root, cpu=0.0%, score=1, cmd='/usr/bin/python3; /usr/sbin/tuned -l -P'
[2025-12-28 23:14:12] ALERT risk=8 events=2 cpu=4.6 disk=18.4 file=monitor_folder/file1.txt clues=1) pid=38550, proc=bash, user=root, cpu=0.0%, score=2, cmd='bash; ./ransomware_load.sh'; 2) pid=1309, proc=tuned, user=root, cpu=0.0%, score=1, cmd='/usr/bin/python3; /usr/sbin/tuned -l -P'
[2025-12-28 23:28:07] ALERT risk=5 events=1 cpu=11.6 disk=18.4 file=monitor_folder/file1.txt clues=1) pid=1309, proc=tuned, user=root, cpu=0.0%, score=1, cmd='/usr/bin/python3; /usr/sbin/tuned -l -P'; 2) pid=1361, proc=tuned-ppd, user=root, cpu=0.0%, score=1, cmd='/usr/bin/python3; /usr/sbin/tuned-ppd -l'
[2025-12-28 23:29:19] ALERT risk=8 events=2 cpu=2.1 disk=18.4 file=monitor_folder/file2.txt clues=1) pid=1309, proc=tuned, user=root, cpu=0.0%, score=1, cmd='/usr/bin/python3; /usr/sbin/tuned -l -P'; 2) pid=1361, proc=tuned-ppd, user=root, cpu=0.0%, score=1, cmd='/usr/bin/python3; /usr/sbin/tuned-ppd -l'
[2025-12-28 23:29:28] ALERT risk=8 events=2 cpu=2.1 disk=18.4 file=monitor_folder/file2.txt clues=1) pid=4835, proc=chrome, user=abhishek, cpu=31.3%, score=1,; cmd='/opt/google/chrome/chrome --type=renderer --crashpad-handler-pid=4410; --enable-crash-reporter=7a41d896-444a-4ae6-9d5b-4f8b9af37e27,; --origin-trial-disabled-features=CanvasTextNg|WebAssemblyCustomDescriptors; --change-stack-guard-on-fork=enable --ozone-platform=wayland --lang=en-GB; --num-raster-threads=4 --enable-main-frame-before-activation; --renderer-client-id=12 --time-ticks-at-unix-epoch=-1766938515396435; --launch-time-ticks=177485740 --shared-files=v8_context_snapshot_data:100; --metrics-shmem-handle=4,i,6554169722839194432,10701914384406409578,2097152; --field-trial-handle=3,i,11883359337973673387,2813338379308205268,262144; --disable-features=EyeDropper --variations-seed-version=20251219-070015.367000; --trace-process-track-uuid=3190708997556373682'; 2) pid=1736, proc=gnome-shell, user=abhishek, cpu=6.0%, score=1,; cmd='/usr/bin/gnome-shell'
[2025-12-28 23:29:31] ALERT risk=8 events=2 cpu=4.2 disk=18.4 file=monitor_folder/file2.txt clues=1) pid=4835, proc=chrome, user=abhishek, cpu=20.1%, score=1,; cmd='/opt/google/chrome/chrome --type=renderer --crashpad-handler-pid=4410; --enable-crash-reporter=7a41d896-444a-4ae6-9d5b-4f8b9af37e27,; --origin-trial-disabled-features=CanvasTextNg|WebAssemblyCustomDescriptors; --change-stack-guard-on-fork=enable --ozone-platform=wayland --lang=en-GB; --num-raster-threads=4 --enable-main-frame-before-activation; --renderer-client-id=12 --time-ticks-at-unix-epoch=-1766938515396435; --launch-time-ticks=177485740 --shared-files=v8_context_snapshot_data:100; --metrics-shmem-handle=4,i,6554169722839194432,10701914384406409578,2097152; --field-trial-handle=3,i,11883359337973673387,2813338379308205268,262144; --disable-features=EyeDropper --variations-seed-version=20251219-070015.367000; --trace-process-track-uuid=3190708997556373682'; 2) pid=45515, proc=python, user=root, cpu=3.2%, score=1, cmd='python Detector.py'
[2025-12-28 23:29:34] ALERT risk=8 events=2 cpu=2.5 disk=18.4 file=monitor_folder/file2.txt clues=1) pid=4835, proc=chrome, user=abhishek, cpu=21.5%, score=1,; cmd='/opt/google/chrome/chrome --type=renderer --crashpad-handler-pid=4410; --enable-crash-reporter=7a41d896-444a-4ae6-9d5b-4f8b9af37e27,; --origin-trial-disabled-features=CanvasTextNg|WebAssemblyCustomDescriptors; --change-stack-guard-on-fork=enable --ozone-platform=wayland --lang=en-GB; --num-raster-threads=4 --enable-main-frame-before-activation; --renderer-client-id=12 --time-ticks-at-unix-epoch=-1766938515396435; --launch-time-ticks=177485740 --shared-files=v8_context_snapshot_data:100; --metrics-shmem-handle=4,i,6554169722839194432,10701914384406409578,2097152; --field-trial-handle=3,i,11883359337973673387,2813338379308205268,262144; --disable-features=EyeDropper --variations-seed-version=20251219-070015.367000; --trace-process-track-uuid=3190708997556373682'; 2) pid=1736, proc=gnome-shell, user=abhishek, cpu=6.5%, score=1,; cmd='/usr/bin/gnome-shell'
[2025-12-28 23:29:57] ALERT risk=8 events=2 cpu=2.5 disk=18.4 file=monitor_folder/file1.txt clues=1) pid=45797, proc=bash, user=root, cpu=0.0%, score=2, cmd='bash; ./ransomware_load.sh'; 2) pid=4835, proc=chrome, user=abhishek, cpu=25.2%, score=1,; cmd='/opt/google/chrome/chrome --type=renderer --crashpad-handler-pid=4410; --enable-crash-reporter=7a41d896-444a-4ae6-9d5b-4f8b9af37e27,; --origin-trial-disabled-features=CanvasTextNg|WebAssemblyCustomDescriptors; --change-stack-guard-on-fork=enable --ozone-platform=wayland --lang=en-GB; --num-raster-threads=4 --enable-main-frame-before-activation; --renderer-client-id=12 --time-ticks-at-unix-epoch=-1766938515396435; --launch-time-ticks=177485740 --shared-files=v8_context_snapshot_data:100; --metrics-shmem-handle=4,i,6554169722839194432,10701914384406409578,2097152; --field-trial-handle=3,i,11883359337973673387,2813338379308205268,262144; --disable-features=EyeDropper --variations-seed-version=20251219-070015.367000; --trace-process-track-uuid=3190708997556373682'
[2025-12-28 23:30:18] ALERT risk=8 events=2 cpu=4.2 disk=18.4 file=monitor_folder/file1.jpg clues=1) pid=45797, proc=bash, user=root, cpu=0.0%, score=2, cmd='bash; ./ransomware_load.sh'; 2) pid=4835, proc=chrome, user=abhishek, cpu=25.8%, score=1,; cmd='/opt/google/chrome/chrome --type=renderer --crashpad-handler-pid=4410; --enable-crash-reporter=7a41d896-444a-4ae6-9d5b-4f8b9af37e27,; --origin-trial-disabled-features=CanvasTextNg|WebAssemblyCustomDescriptors; --change-stack-guard-on-fork=enable --ozone-platform=wayland --lang=en-GB; --num-raster-threads=4 --enable-main-frame-before-activation; --renderer-client-id=12 --time-ticks-at-unix-epoch=-1766938515396435; --launch-time-ticks=177485740 --shared-files=v8_context_snapshot_data:100; --metrics-shmem-handle=4,i,6554169722839194432,10701914384406409578,2097152; --field-trial-handle=3,i,11883359337973673387,2813338379308205268,262144; --disable-features=EyeDropper --variations-seed-version=20251219-070015.367000; --trace-process-track-uuid=3190708997556373682'
[2025-12-28 23:30:20] ALERT risk=8 events=2 cpu=3.7 disk=18.4 file=monitor_folder/file31.jpg clues=1) pid=45515, proc=python, user=root, cpu=6.4%, score=2, cmd='python Detector.py'; 2) pid=45797, proc=bash, user=root, cpu=2.3%, score=2, cmd='bash; ./ransomware_load.sh'
[2025-12-28 23:32:22] ALERT risk=8 events=2 cpu=3.8 disk=18.4 file=monitor_folder/file1.txt clues=1) pid=1309, proc=tuned, user=root, cpu=0.0%, score=1, cmd='/usr/bin/python3; /usr/sbin/tuned -l -P'; 2) pid=1361, proc=tuned-ppd, user=root, cpu=0.0%, score=1, cmd='/usr/bin/python3; /usr/sbin/tuned-ppd -l'
[2025-12-28 23:39:00] ALERT risk=8 events=2 cpu=0.8 disk=18.4 file=monitor_folder/file2.txt clues=1) pid=1309, proc=tuned, user=root, cpu=0.0%, score=1, cmd='/usr/bin/python3; /usr/sbin/tuned -l -P'; 2) pid=1361, proc=tuned-ppd, user=root, cpu=0.0%, score=1, cmd='/usr/bin/python3; /usr/sbin/tuned-ppd -l'
[2025-12-28 23:39:10] ALERT risk=8 events=2 cpu=3.3 disk=18.4 file=monitor_folder/file2.txt clues=1) pid=1736, proc=gnome-shell, user=abhishek, cpu=5.7%, score=1,; cmd='/usr/bin/gnome-shell'; 2) pid=47656, proc=python, user=root, cpu=0.9%, score=1, cmd='python Detector.py'
[2025-12-28 23:45:56] ALERT risk=8 events=2 cpu=0.8 disk=18.4 file=monitor_folder/file1.txt clues=1) pid=51060, proc=bash, user=root, cpu=0.0%, score=2, cmd='bash; ./ransomware_load.sh'; 2) pid=1736, proc=gnome-shell, user=abhishek, cpu=5.2%, score=1,; cmd='/usr/bin/gnome-shell'
[2025-12-28 23:45:56] ALERT risk=8 events=2 cpu=0.8 disk=18.4 file=monitor_folder/file1.txt clues=1) pid=51060, proc=bash, user=root, cpu=0.0%, score=2, cmd='bash; ./ransomware_load.sh'; 2) pid=1309, proc=tuned, user=root, cpu=0.0%, score=1, cmd='/usr/bin/python3; /usr/sbin/tuned -l -P'
[2025-12-30 23:25:52] ALERT risk=8 events=2 cpu=1.3 disk=19.0 file=monitor_folder/file1.docx clues=1) pid=6603, proc=bash, user=root, cpu=0.0%, score=2, cmd='bash; ./ransomware_load.sh'; 2) pid=1397, proc=tuned, user=root, cpu=0.0%, score=1, cmd='/usr/bin/python3; /usr/sbin/tuned -l -P'
[2025-12-30 23:26:46] ALERT risk=8 events=2 cpu=0.0 disk=19.0 file=monitor_folder/file1.txt clues=1) pid=5969, proc=brave, user=abhishek, cpu=22.0%, score=1,; cmd='/opt/brave.com/brave/brave --type=renderer --crashpad-handler-pid=5800; --enable-crash-reporter=eefc8063-4046-4571-8cb3-55a1a3a606d9,; --enable-distillability-service; --origin-trial-public-key=bYUKPJoPnCxeNvu72j4EmPuK7tr1PAC7SHh8ld9Mw3E=,fMS4mpO6buLQ/QMd+zJmxzty/VQ6B1EUZqoCU04zoRU=; --change-stack-guard-on-fork=enable --ozone-platform=wayland --lang=en-GB; --num-raster-threads=4 --enable-main-frame-before-activation; --renderer-client-id=9 --time-ticks-at-unix-epoch=-1767116764308806; --launch-time-ticks=512917614 --shared-files=v8_context_snapshot_data:100; --metrics-shmem-handle=4,i,17225491258920059685,4820530958212963816,2097152; --field-trial-handle=3,i,16738820693829239162,13321551470532604799,262144; --disable-features=EyeDropper; --variations-seed-version=main@ba0aec789cd2be6ec550826b9673bc280b713f9c; --trace-process-track-uuid=3190708994745248135'; 2) pid=1801, proc=gnome-shell, user=abhishek, cpu=16.6%, score=1,; cmd='/usr/bin/gnome-shell'
[2026-01-06 12:29:10] ALERT risk=8 events=2 cpu=0.0 disk=19.9 file=monitor_folder/file1.jpg clues=1) pid=5166, proc=bash, user=root, cpu=0.0%, score=2, cmd='bash; ./ransomware_load.sh'; 2) pid=1306, proc=tuned, user=root, cpu=0.0%, score=1, cmd='/usr/bin/python3; /usr/sbin/tuned -l -P'
[2026-01-06 12:37:58] ALERT risk=8 events=2 cpu=3.3 disk=19.9 file=monitor_folder/file1.jpg clues=1) pid=13049, proc=bash, user=root, cpu=0.0%, score=2, cmd='bash; ./ransomware_load.sh'; 2) pid=1306, proc=tuned, user=root, cpu=0.0%, score=1, cmd='/usr/bin/python3; /usr/sbin/tuned -l -P'
[2026-01-06 12:38:00] ALERT risk=8 events=2 cpu=3.0 disk=19.9 file=monitor_folder/file31.jpg clues=1) pid=12997, proc=python, user=root, cpu=7.0%, score=2, cmd='python Detector.py'; 2) pid=13049, proc=bash, user=root, cpu=2.9%, score=2, cmd='bash; ./ransomware_load.sh'
[2026-01-06 12:38:02] ALERT risk=8 events=2 cpu=2.5 disk=19.9 file=monitor_folder/file61.jpg clues=1) pid=12997, proc=python, user=root, cpu=6.9%, score=2, cmd='python Detector.py'; 2) pid=13049, proc=bash, user=root, cpu=2.9%, score=2, cmd='bash; ./ransomware_load.sh'
[2026-01-06 12:38:03] ALERT risk=8 events=2 cpu=3.4 disk=19.9 file=monitor_folder/file91.jpg clues=1) pid=12997, proc=python, user=root, cpu=6.9%, score=2, cmd='python Detector.py'; 2) pid=13049, proc=bash, user=root, cpu=2.9%, score=2, cmd='bash; ./ransomware_load.sh'
[2026-01-06 13:15:05] ALERT risk=8 events=2 cpu=0.0 disk=20.0 file=monitor_folder/file1.txt clues=1) pid=13049, proc=bash, user=root, cpu=0.0%, score=2, cmd='bash; ./ransomware_load.sh'; 2) pid=1306, proc=tuned, user=root, cpu=0.0%, score=1, cmd='/usr/bin/python3; /usr/sbin/tuned -l -P'
[2026-01-06 13:18:21] ALERT risk=8 events=2 cpu=0.8 disk=20.0 file=monitor_folder/file2.txt clues=1) pid=13049, proc=bash, user=root, cpu=0.0%, score=2, cmd='bash; ./ransomware_load.sh'; 2) pid=1909, proc=gnome-shell, user=abhishek, cpu=5.3%, score=1,; cmd='/usr/bin/gnome-shell'
[2026-01-06 14:38:47] 🚨 ALERT score=7 file=monitor_folder/file2.txt events=2 cpu=6.2 sha256_mismatch=True
[2026-01-06 14:42:31] ALERT risk=8 events=2 cpu=2.1 disk=20.1 file=monitor_folder/file2.txt clues=1) pid=13049, proc=bash, user=root, cpu=0.0%, score=2, cmd='bash; ./ransomware_load.sh'; 2) pid=1306, proc=tuned, user=root, cpu=0.0%, score=1, cmd='/usr/bin/python3; /usr/sbin/tuned -l -P'
[2026-01-08 12:34:07] ALERT risk=8 events=2 cpu=0.4 disk=20.1 file=monitor_folder/file1.txt clues=1) pid=100809, proc=bash, user=root, cpu=0.0%, score=2, cmd='bash; ./ransomware_load.sh'; 2) pid=1360, proc=tuned, user=root, cpu=0.0%, score=1, cmd='/usr/bin/python3; /usr/sbin/tuned -l -P'
[2026-01-08 12:38:54] ALERT risk=8 events=2 cpu=2.1 disk=20.1 file=monitor_folder/file1.txt clues=1) pid=100809, proc=bash, user=root, cpu=0.0%, score=2, cmd='bash; ./ransomware_load.sh'; 2) pid=1360, proc=tuned, user=root, cpu=0.0%, score=1, cmd='/usr/bin/python3; /usr/sbin/tuned -l -P'
[2026-01-08 12:48:59] ALERT risk=8 events=2 cpu=2.1 disk=20.1 file=monitor_folder/file2.txt clues=1) pid=118294, proc=sh, user=abhishek, cpu=0.0%, score=2, cmd='/bin/sh -c; /usr/bin/env python3 "/home/abhishek/ransomware_detector/Detector.py"'; 2) pid=118295, proc=python3, user=abhishek, cpu=0.0%, score=2, cmd='python3; /home/abhishek/ransomware_detector/Detector.py'
[2026-01-13 21:31:00] ALERT risk=8 events=2 cpu=2.1 disk=20.4 file=monitor_folder/file1.jpg clues=1) pid=143705, proc=bash, user=root, cpu=0.0%, score=2, cmd='bash; ./ransomware_load.sh'; 2) pid=1372, proc=tuned, user=root, cpu=0.0%, score=1, cmd='/usr/bin/python3; /usr/sbin/tuned -l -P'
[2026-01-13 21:36:54] ALERT risk=8 events=2 cpu=2.1 disk=20.4 file=monitor_folder/file1.txt clues=1) pid=2572, proc=blueman-tray, user=abhishek, cpu=0.1%, score=1,; cmd='/usr/bin/python3 /usr/bin/blueman-tray'; 2) pid=1372, proc=tuned, user=root, cpu=0.0%, score=1, cmd='/usr/bin/python3; /usr/sbin/tuned -l -P'
[2026-01-14 16:54:07] ALERT risk=8 events=2 cpu=3.4 disk=20.5 file=monitor_folder/file1.txt clues=1) pid=17382, proc=bash, user=root, cpu=0.0%, score=2, cmd='bash; ./ransomware_load.sh'; 2) pid=1325, proc=tuned, user=root, cpu=0.0%, score=1, cmd='/usr/bin/python3; /usr/sbin/tuned -l -P'
[2026-01-14 16:54:08] ALERT risk=8 events=2 cpu=0.0 disk=20.5 file=monitor_folder/file31.txt clues=1) pid=17260, proc=python, user=root, cpu=7.0%, score=2, cmd='python Detector.py'; 2) pid=17382, proc=bash, user=root, cpu=2.9%, score=2, cmd='bash; ./ransomware_load.sh'
[2026-01-14 21:35:25] ALERT risk=8 events=2 cpu=8.3 disk=20.5 file=monitor_folder/file1.txt clues=1) pid=6589, proc=bash, user=root, cpu=0.0%, score=2, cmd='bash; ./ransomware_load.sh'; 2) pid=1343, proc=tuned, user=root, cpu=0.0%, score=1, cmd='/usr/bin/python3; /usr/sbin/tuned -l -P'
[2026-01-14 21:35:27] ALERT risk=8 events=2 cpu=1.7 disk=20.5 file=monitor_folder/file31.txt clues=1) pid=6310, proc=python, user=root, cpu=6.4%, score=2, cmd='python Detector.py'; 2) pid=6589, proc=bash, user=root, cpu=2.9%, score=2, cmd='bash; ./ransomware_load.sh'
[2026-01-14 22:21:22] ALERT risk=8 events=2 cpu=4.6 disk=20.5 file=monitor_folder/file1.jpg clues=1) pid=15001, proc=bash, user=root, cpu=0.0%, score=2, cmd='bash; ./ransomware_load.sh'; 2) pid=1343, proc=tuned, user=root, cpu=0.0%, score=1, cmd='/usr/bin/python3; /usr/sbin/tuned -l -P'
[2026-01-14 22:21:23] ALERT risk=8 events=2 cpu=0.8 disk=20.5 file=monitor_folder/file31.jpg clues=1) pid=15024, proc=python, user=root, cpu=5.8%, score=2, cmd='python Detector.py'; 2) pid=15001, proc=bash, user=root, cpu=2.9%, score=2, cmd='bash; ./ransomware_load.sh'
[2026-01-14 22:24:09] ALERT risk=8 events=2 cpu=4.2 disk=20.5 file=monitor_folder/file1.jpg clues=1) pid=25440, proc=bash, user=root, cpu=0.0%, score=2, cmd='bash; ./ransomware_load.sh'; 2) pid=1343, proc=tuned, user=root, cpu=0.0%, score=1, cmd='/usr/bin/python3; /usr/sbin/tuned -l -P'
[2026-01-14 22:35:45] ALERT risk=8 events=2 cpu=4.1 disk=20.5 file=monitor_folder/file1.jpg clues=1) pid=27579, proc=bash, user=root, cpu=0.0%, score=2, cmd='bash; ./ransomware_load.sh'; 2) pid=1343, proc=tuned, user=root, cpu=0.0%, score=1, cmd='/usr/bin/python3; /usr/sbin/tuned -l -P'
[2026-01-14 22:35:46] ALERT risk=8 events=2 cpu=1.7 disk=20.5 file=monitor_folder/file31.jpg clues=1) pid=27614, proc=python, user=root, cpu=7.0%, score=2, cmd='python Detector.py'; 2) pid=27579, proc=bash, user=root, cpu=2.3%, score=2, cmd='bash; ./ransomware_load.sh'
[2026-01-14 22:39:32] ALERT risk=8 events=2 cpu=2.1 disk=20.5 file=monitor_folder/file1.jpg clues=1) pid=32390, proc=bash, user=root, cpu=0.0%, score=2, cmd='bash; ./ransomware_load.sh'; 2) pid=1343, proc=tuned, user=root, cpu=0.0%, score=1, cmd='/usr/bin/python3; /usr/sbin/tuned -l -P'
[2026-01-20 15:43:56] ALERT risk=8 events=2 cpu=0.4 disk=20.8 file=monitor_folder/file1.docx clues=1) pid=23634, proc=bash, user=root, cpu=0.0%, score=2, cmd='bash; ./ransomware_load.sh'; 2) pid=1335, proc=tuned, user=root, cpu=0.0%, score=1, cmd='/usr/bin/python3; /usr/sbin/tuned -l -P'
[2026-02-10 14:45:55] ALERT risk=8 events=2 cpu=0.0 disk=30.3 file=monitor_folder/file1.jpg clues=1) pid=7405, proc=bash, user=root, cpu=0.0%, score=2, cmd='bash; ./ransomware_load.sh'; 2) pid=2040, proc=blueman-applet, user=abhishek, cpu=0.0%, score=1,; cmd='/usr/bin/python3 /usr/bin/blueman-applet'
[2026-02-13 10:52:29] ALERT risk=8 events=2 cpu=2.1 disk=23.4 file=monitor_folder/file1.jpg clues=1) pid=215842, proc=bash, user=root, cpu=0.0%, score=2, cmd='bash; ./ransomware_load.sh'; 2) pid=2060, proc=blueman-applet, user=abhishek, cpu=0.0%, score=1,; cmd='/usr/bin/python3 /usr/bin/blueman-applet'
[2026-02-13 10:52:30] ALERT risk=8 events=2 cpu=7.0 disk=23.4 file=monitor_folder/file31.jpg clues=1) pid=216242, proc=python3, user=root, cpu=6.4%, score=2, cmd='python3; Detector.py'; 2) pid=215842, proc=bash, user=root, cpu=2.9%, score=2, cmd='bash; ./ransomware_load.sh'
